Add component: Footprint Not Found LPS3015223MRC
Add component: Footprint Not Found RESC1607X60N
Add component: Footprint Not Found RESC1607X60N
Add component: Footprint Not Found RESC1607X60N
Added Component: Designator=U400(QFN-ML20_M)
Add component (AddParameter): Name = "Case/Package"; Value = "QFN"; VariantName = "[No Variations]"
Add component (AddParameter): Name = "Category"; Value = "Battery Management"; VariantName = "[No Variations]"
Add component (AddParameter): Name = "ComponentLink1Description"; Value = "https://datasheet.octopart.com/MCP73871-1CAI/ML-Microchip-datasheet-11053087.pdf"; VariantName = "[No Variations]"
Add component (AddParameter): Name = "ComponentLink1URL"; Value = "https://datasheet.octopart.com/MCP73871-1CAI/ML-Microchip-datasheet-11053087.pdf"; VariantName = "[No Variations]"
Add component (AddParameter): Name = "ComponentLink2Description"; Value = "https://datasheet.octopart.com:443/MCP73871-1CAI-ML-Microchip-datasheet-175858736.pdf?src-supplier=Microchip"; VariantName = "[No Variations]"
Add component (AddParameter): Name = "ComponentLink2URL"; Value = "https://datasheet.octopart.com:443/MCP73871-1CAI-ML-Microchip-datasheet-175858736.pdf?src-supplier=Microchip"; VariantName = "[No Variations]"
Add component (AddParameter): Name = "ComponentLink3Description"; Value = "https://datasheet.octopart.com:443/MCP73871-1CAI-ML-Microchip-datasheet-137252038.pdf?src-supplier=Electro+Sonic"; VariantName = "[No Variations]"
Add component (AddParameter): Name = "ComponentLink3URL"; Value = "https://datasheet.octopart.com:443/MCP73871-1CAI-ML-Microchip-datasheet-137252038.pdf?src-supplier=Electro+Sonic"; VariantName = "[No Variations]"
Add component (AddParameter): Name = "ComponentLink4Description"; Value = "https://datasheet.octopart.com:443/MCP73871-1CAI-ML-Microchip-datasheet-159005942.pdf?src-supplier=SHENGYU+ELECTRONICS"; VariantName = "[No Variations]"
Add component (AddParameter): Name = "ComponentLink4URL"; Value = "https://datasheet.octopart.com:443/MCP73871-1CAI-ML-Microchip-datasheet-159005942.pdf?src-supplier=SHENGYU+ELECTRONICS"; VariantName = "[No Variations]"
Add component (AddParameter): Name = "ComponentLink5Description"; Value = "https://datasheet.octopart.com:443/MCP73871-1CAI-ML-Microchip-datasheet-142675560.pdf?src-supplier=TME"; VariantName = "[No Variations]"
Add component (AddParameter): Name = "ComponentLink5URL"; Value = "https://datasheet.octopart.com:443/MCP73871-1CAI-ML-Microchip-datasheet-142675560.pdf?src-supplier=TME"; VariantName = "[No Variations]"
Add component (AddParameter): Name = "ComponentLink6Description"; Value = "https://datasheet.octopart.com:443/MCP73871-1CAI-ML-Microchip-datasheet-24910595.pdf?src-supplier=TME"; VariantName = "[No Variations]"
Add component (AddParameter): Name = "ComponentLink6URL"; Value = "https://datasheet.octopart.com:443/MCP73871-1CAI-ML-Microchip-datasheet-24910595.pdf?src-supplier=TME"; VariantName = "[No Variations]"
Add component (AddParameter): Name = "ComponentLink7Description"; Value = "http://sigma.octopart.com:80/188450168/materials_sheet/Microchip-MCP73871-1CAI-ML.pdf?src-supplier=Compliance+Statements"; VariantName = "[No Variations]"
Add component (AddParameter): Name = "ComponentLink7URL"; Value = "http://sigma.octopart.com:80/188450168/materials_sheet/Microchip-MCP73871-1CAI-ML.pdf?src-supplier=Compliance+Statements"; VariantName = "[No Variations]"
Add component (AddParameter): Name = "ComponentLink8Description"; Value = "http://sigma.octopart.com:80/conflict_mineral_statement/Microchip-company-68.pdf?src-supplier=Compliance+Statements"; VariantName = "[No Variations]"
Add component (AddParameter): Name = "ComponentLink8URL"; Value = "http://sigma.octopart.com:80/conflict_mineral_statement/Microchip-company-68.pdf?src-supplier=Compliance+Statements"; VariantName = "[No Variations]"
Add component (AddParameter): Name = "ComponentLink9Description"; Value = "http://sigma.octopart.com:80/conflict_mineral_statement/Microchip-company-69.pdf?src-supplier=Compliance+Statements"; VariantName = "[No Variations]"
Add component (AddParameter): Name = "ComponentLink9URL"; Value = "http://sigma.octopart.com:80/conflict_mineral_statement/Microchip-company-69.pdf?src-supplier=Compliance+Statements"; VariantName = "[No Variations]"
Add component (AddParameter): Name = "ComponentLink10Description"; Value = "http://sigma.octopart.com:80/reach_statement/Microchip-company-70.pdf?src-supplier=Compliance+Statements"; VariantName = "[No Variations]"
Add component (AddParameter): Name = "ComponentLink10URL"; Value = "http://sigma.octopart.com:80/reach_statement/Microchip-company-70.pdf?src-supplier=Compliance+Statements"; VariantName = "[No Variations]"
Add component (AddParameter): Name = "ComponentLink11Description"; Value = "http://sigma.octopart.com:80/rohs_statement/Microchip-company-71.pdf?src-supplier=Compliance+Statements"; VariantName = "[No Variations]"
Add component (AddParameter): Name = "ComponentLink11URL"; Value = "http://sigma.octopart.com:80/rohs_statement/Microchip-company-71.pdf?src-supplier=Compliance+Statements"; VariantName = "[No Variations]"
Add component (AddParameter): Name = "Country of Assembly"; Value = "Malaysia, Thailand"; VariantName = "[No Variations]"
Add component (AddParameter): Name = "Country of Fabrication"; Value = "United States of America"; VariantName = "[No Variations]"
Add component (AddParameter): Name = "Country of Origin"; Value = "Malaysia, Thailand"; VariantName = "[No Variations]"
Add component (AddParameter): Name = "DatasheetVersion"; Value = "revB, May-2009"; VariantName = "[No Variations]"
Add component (AddParameter): Name = "Export Control Classification Number (ECCN) Code"; Value = "EAR99"; VariantName = "[No Variations]"
Add component (AddParameter): Name = "Harmonized Tariff Schedule (HTS) Code"; Value = "8542.39.0060"; VariantName = "[No Variations]"
Add component (AddParameter): Name = "Introduction Date"; Value = "2008-07-17"; VariantName = "[No Variations]"
Add component (AddParameter): Name = "Lifecycle Status"; Value = "Production"; VariantName = "[No Variations]"
Add component (AddParameter): Name = "Manufacturer"; Value = "Microchip"; VariantName = "[No Variations]"
Add component (AddParameter): Name = "Manufacturer Part Number"; Value = "MCP73871-1CAI/ML"; VariantName = "[No Variations]"
Add component (AddParameter): Name = "Output Voltage"; Value = "4.1V"; VariantName = "[No Variations]"
Add component (AddParameter): Name = "PackageDescription"; Value = "20-Lead Plastic Quad Flat, No Lead Package (ML) - 4x4x0.9 mm Body [QFN]"; VariantName = "[No Variations]"
Add component (AddParameter): Name = "PackageReference"; Value = "QFN-ML20"; VariantName = "[No Variations]"
Add component (AddParameter): Name = "PackageVersion"; Value = "revBB, Aug-2009"; VariantName = "[No Variations]"
Add component (AddParameter): Name = "Pins"; Value = "20"; VariantName = "[No Variations]"
Add component (AddParameter): Name = "Pricing"; Value = "1=2.08, 25=1.736 (EUR)"; VariantName = "[No Variations]"
Add component (AddParameter): Name = "Projected EOL Date"; Value = "2034-07-17"; VariantName = "[No Variations]"
Add component (AddParameter): Name = "RoHS"; Value = "Non-Compliant"; VariantName = "[No Variations]"
Add component (AddParameter): Name = "Stock"; Value = "47"; VariantName = "[No Variations]"
Add component (AddParameter): Name = "Supplier"; Value = "DigiKey"; VariantName = "[No Variations]"
Add component (AddParameter): Name = "Supplier Part Number"; Value = "MCP73871-1CAI/ML-ND"; VariantName = "[No Variations]"
Add component: Footprint Not Found FP-RNM0015A-MFG
Add Pin To Net: Unknown Pin: Pin L400-1
Add Pin To Net: Unknown Pin: Pin L400-2
Add Pin To Net: Unknown Pin: Pin R200-1
Add Pin To Net: Unknown Pin: Pin R200-2
Add Pin To Net: Unknown Pin: Pin R500-1
Add Pin To Net: Unknown Pin: Pin R500-2
Add Pin To Net: Unknown Pin: Pin R501-1
Add Pin To Net: Unknown Pin: Pin R501-2
Added Pin To Net: NetName=NetC407_2 Pin=U400-1
Added Pin To Net: NetName=MCU_VBUS Pin=U400-2
Added Pin To Net: NetName=MCU_VBUS Pin=U400-3
Added Pin To Net: NetName=MCU_VBUS Pin=U400-4
Added Pin To Net: NetName=NetR402_2 Pin=U400-5
Added Pin To Net: NetName=BMS_PG Pin=U400-6
Added Pin To Net: NetName=BMS_STAT2 Pin=U400-7
Added Pin To Net: NetName=BMS_STAT1 Pin=U400-8
Added Pin To Net: NetName=MCU_GND Pin=U400-9
Added Pin To Net: NetName=MCU_GND Pin=U400-10
Added Pin To Net: NetName=MCU_GND Pin=U400-11
Added Pin To Net: NetName=NetR403_2 Pin=U400-12
Added Pin To Net: NetName=NetR404_2 Pin=U400-13
Added Pin To Net: NetName=V-BAT Pin=U400-14
Added Pin To Net: NetName=V-BAT Pin=U400-15
Added Pin To Net: NetName=V-BAT Pin=U400-16
Added Pin To Net: NetName=MCU_VBUS Pin=U400-17
Added Pin To Net: NetName=MCU_VBUS Pin=U400-18
Added Pin To Net: NetName=MCU_VBUS Pin=U400-19
Added Pin To Net: NetName=NetC407_2 Pin=U400-20
Added Pin To Net: NetName=MCU_GND Pin=U400-21
Add Pin To Net: Unknown Pin: Pin U401-1
Add Pin To Net: Unknown Pin: Pin U401-2
Add Pin To Net: Unknown Pin: Pin U401-3
Add Pin To Net: Unknown Pin: Pin U401-4
Add Pin To Net: Unknown Pin: Pin U401-5
Add Pin To Net: Unknown Pin: Pin U401-6
Add Pin To Net: Unknown Pin: Pin U401-7-8
Add Pin To Net: Unknown Pin: Pin U401-9
Add Pin To Net: Unknown Pin: Pin U401-10
Add Pin To Net: Unknown Pin: Pin U401-11
Add Pin To Net: Unknown Pin: Pin U401-12-13
Add Pin To Net: Unknown Pin: Pin U401-14
Add Pin To Net: Unknown Pin: Pin U401-15
Add Class Member: Failed to add class member : Component L400 LPS3015-223MRC
Add Class Member: Failed to add class member : Component R200 10K
Add Class Member: Failed to add class member : Component R500 5.1K
Add Class Member: Failed to add class member : Component R501 5.1K
Added Member To Class: ClassName=U_Power Member=Component U400 MCP73871-1CAI/ML
Add Class Member: Failed to add class member : Component U401 TPS63070RNMR
