Add component: Footprint Not Found LPS3015223MRC
Add component: Footprint Not Found RESC1607X60N
Added Component: Designator=R500(RESC1607X60N)
Add component (AddParameter): Name = "Check_prices"; Value = "https://www.snapeda.com/parts/RC0603JR0710KL/Yageo/view-part/?ref=eda"; VariantName = "[No Variations]"
Add component (AddParameter): Name = "MF"; Value = "Yageo"; VariantName = "[No Variations]"
Add component (AddParameter): Name = "MP"; Value = "RC0603JR0710KL"; VariantName = "[No Variations]"
Add component (AddParameter): Name = "Package"; Value = "0603 Yageo"; VariantName = "[No Variations]"
Add component (AddParameter): Name = "SnapEDA_Link"; Value = "https://www.snapeda.com/parts/RC0603JR0710KL/Yageo/view-part/?ref=snap"; VariantName = "[No Variations]"
Add component (AddParameter): Name = "Value"; Value = ""; VariantName = "[No Variations]"
Added Component: Designator=R501(RESC1607X60N)
Add component (AddParameter): Name = "Check_prices"; Value = "https://www.snapeda.com/parts/RC0603JR0710KL/Yageo/view-part/?ref=eda"; VariantName = "[No Variations]"
Add component (AddParameter): Name = "MF"; Value = "Yageo"; VariantName = "[No Variations]"
Add component (AddParameter): Name = "MP"; Value = "RC0603JR0710KL"; VariantName = "[No Variations]"
Add component (AddParameter): Name = "Package"; Value = "0603 Yageo"; VariantName = "[No Variations]"
Add component (AddParameter): Name = "SnapEDA_Link"; Value = "https://www.snapeda.com/parts/RC0603JR0710KL/Yageo/view-part/?ref=snap"; VariantName = "[No Variations]"
Add component (AddParameter): Name = "Value"; Value = ""; VariantName = "[No Variations]"
Add Pin To Net: Unknown Pin: Pin L400-1
Add Pin To Net: Unknown Pin: Pin L400-2
Add Pin To Net: Unknown Pin: Pin R200-1
Add Pin To Net: Unknown Pin: Pin R200-2
Added Pin To Net: NetName=MCU_GND Pin=R500-1
Added Pin To Net: NetName=NetJ500_A5 Pin=R500-2
Added Pin To Net: NetName=MCU_GND Pin=R501-1
Added Pin To Net: NetName=NetJ500_B5 Pin=R501-2
Add Class Member: Failed to add class member : Component L400 LPS3015-223MRC
Add Class Member: Failed to add class member : Component R200 10K
Added Member To Class: ClassName=U_USB Member=Component R500 5.1K
Added Member To Class: ClassName=U_USB Member=Component R501 5.1K
