Added Component: Designator=IC300(SON80P400X400X60-9N)
Add component (AddParameter): Name = "Arrow Part Number"; Value = ""; VariantName = "[No Variations]"
Add component (AddParameter): Name = "Arrow Price/Stock"; Value = ""; VariantName = "[No Variations]"
Add component (AddParameter): Name = "Datasheet Link"; Value = "https://www.mouser.com/datasheet/2/819/MX25R6435F_2c_Wide_Range_2c_64Mb_2c_v1_6-3370962.pdf"; VariantName = "[No Variations]"
Add component (AddParameter): Name = "Height"; Value = "0.6mm"; VariantName = "[No Variations]"
Add component (AddParameter): Name = "Manufacturer_Name"; Value = "Macronix"; VariantName = "[No Variations]"
Add component (AddParameter): Name = "Manufacturer_Part_Number"; Value = "MX25R6435FZAIL0-TR"; VariantName = "[No Variations]"
Add component (AddParameter): Name = "Mouser Part Number"; Value = "95-25R6435FZAIL0TR"; VariantName = "[No Variations]"
Add component (AddParameter): Name = "Mouser Price/Stock"; Value = "https://www.mouser.co.uk/ProductDetail/Macronix/MX25R6435FZAIL0-TR?qs=mELouGlnn3cK%252BXKdc9RzBg%3D%3D"; VariantName = "[No Variations]"
Add component: Footprint Not Found LPS3015223MRC
Add component: Footprint Not Found RESC1607X60N
Add component: Footprint Not Found RESC1607X60N
Add component: Footprint Not Found RESC1607X60N
Add component: Footprint Not Found QFN-ML20_M
Add component: Footprint Not Found FP-RNM0015A-MFG
Added Pin To Net: NetName=QSPI_CSN Pin=IC300-1
Added Pin To Net: NetName=QSPI_IO1 Pin=IC300-2
Added Pin To Net: NetName=QSPI_IO2 Pin=IC300-3
Added Pin To Net: NetName=MCU_GND Pin=IC300-4
Added Pin To Net: NetName=QSPI_IO0 Pin=IC300-5
Added Pin To Net: NetName=QSPI_SCK Pin=IC300-6
Added Pin To Net: NetName=QSPI_IO3 Pin=IC300-7
Added Pin To Net: NetName=MCU_VDD Pin=IC300-8
Added Pin To Net: NetName=MCU_GND Pin=IC300-9
Add Pin To Net: Unknown Pin: Pin L400-1
Add Pin To Net: Unknown Pin: Pin L400-2
Add Pin To Net: Unknown Pin: Pin R200-1
Add Pin To Net: Unknown Pin: Pin R200-2
Add Pin To Net: Unknown Pin: Pin R500-1
Add Pin To Net: Unknown Pin: Pin R500-2
Add Pin To Net: Unknown Pin: Pin R501-1
Add Pin To Net: Unknown Pin: Pin R501-2
Add Pin To Net: Unknown Pin: Pin U400-1
Add Pin To Net: Unknown Pin: Pin U400-2
Add Pin To Net: Unknown Pin: Pin U400-3
Add Pin To Net: Unknown Pin: Pin U400-4
Add Pin To Net: Unknown Pin: Pin U400-5
Add Pin To Net: Unknown Pin: Pin U400-6
Add Pin To Net: Unknown Pin: Pin U400-7
Add Pin To Net: Unknown Pin: Pin U400-8
Add Pin To Net: Unknown Pin: Pin U400-9
Add Pin To Net: Unknown Pin: Pin U400-10
Add Pin To Net: Unknown Pin: Pin U400-11
Add Pin To Net: Unknown Pin: Pin U400-12
Add Pin To Net: Unknown Pin: Pin U400-13
Add Pin To Net: Unknown Pin: Pin U400-14
Add Pin To Net: Unknown Pin: Pin U400-15
Add Pin To Net: Unknown Pin: Pin U400-16
Add Pin To Net: Unknown Pin: Pin U400-17
Add Pin To Net: Unknown Pin: Pin U400-18
Add Pin To Net: Unknown Pin: Pin U400-19
Add Pin To Net: Unknown Pin: Pin U400-20
Add Pin To Net: Unknown Pin: Pin U400-21
Add Pin To Net: Unknown Pin: Pin U401-1
Add Pin To Net: Unknown Pin: Pin U401-2
Add Pin To Net: Unknown Pin: Pin U401-3
Add Pin To Net: Unknown Pin: Pin U401-4
Add Pin To Net: Unknown Pin: Pin U401-5
Add Pin To Net: Unknown Pin: Pin U401-6
Add Pin To Net: Unknown Pin: Pin U401-7-8
Add Pin To Net: Unknown Pin: Pin U401-9
Add Pin To Net: Unknown Pin: Pin U401-10
Add Pin To Net: Unknown Pin: Pin U401-11
Add Pin To Net: Unknown Pin: Pin U401-12-13
Add Pin To Net: Unknown Pin: Pin U401-14
Add Pin To Net: Unknown Pin: Pin U401-15
Added Member To Class: ClassName=U_Peripherals Member=Component IC300 MX25R6435FZAIL0-TR
Add Class Member: Failed to add class member : Component L400 LPS3015-223MRC
Add Class Member: Failed to add class member : Component R200 10K
Add Class Member: Failed to add class member : Component R500 5.1K
Add Class Member: Failed to add class member : Component R501 5.1K
Add Class Member: Failed to add class member : Component U400 MCP73871-1CAI/ML
Add Class Member: Failed to add class member : Component U401 TPS63070RNMR
