Change Component Designator: Old Designator=C300 New Designator=C?
Change Component Designator: Old Designator=C302 New Designator=C?
Change Component Designator: Old Designator=C303 New Designator=C?
Change Component Designator: Old Designator=C304 New Designator=C?
Change Component Designator: Old Designator=C305 New Designator=C?
Change Component Designator: Old Designator=C306 New Designator=C?
Change Component Designator: Old Designator=C307 New Designator=C?
Change Component Designator: Old Designator=C309 New Designator=C?
Change Component Designator: Old Designator=C310 New Designator=C?
Change Component Designator: Old Designator=C311 New Designator=C?
Change Component Designator: Old Designator=C312 New Designator=C?
Change Component Designator: Old Designator=C313 New Designator=C?
Change Component Designator: Old Designator=C314 New Designator=C?
Change Component Designator: Old Designator=C319 New Designator=C?
Change Component Designator: Old Designator=C320 New Designator=C?
Change Component Designator: Old Designator=C321 New Designator=C?
Change Component Designator: Old Designator=C322 New Designator=C?
Change Component Designator: Old Designator=J300 New Designator=J?
Change Component Designator: Old Designator=L300 New Designator=L?
Change Component Designator: Old Designator=R300 New Designator=R?
Change Component Designator: Old Designator=R301 New Designator=R?
Change Component Designator: Old Designator=R302 New Designator=R?
Change Component Designator: Old Designator=R303 New Designator=R?
Change Component Designator: Old Designator=R304 New Designator=R?
Change Component Designator: Old Designator=R305 New Designator=R?
Change Component Designator: Old Designator=R306 New Designator=R?
Change Component Designator: Old Designator=U300 New Designator=U?
Change Component Designator: Old Designator=U301 New Designator=U?
Change Component Designator: Old Designator=U303 New Designator=U?
